-------------------------------------------------------------------------------
Test set: couduit.ConduitTest
-------------------------------------------------------------------------------
Tests run: 1, Failures: 1, Errors: 0, Skipped: 0, Time elapsed: 0.831 s <<< FAILURE! - in couduit.ConduitTest
testAll  Time elapsed: 0.829 s  <<< FAILURE!
org.opentest4j.AssertionFailedError: no features or scenarios found: [classpath:couduit]

