<?xml version="1.0" encoding="UTF-8"?>
<testsuite xmlns:xsi="http://www.w3.org/2001/XMLSchema-instance" xsi:noNamespaceSchemaLocation="https://maven.apache.org/surefire/maven-surefire-plugin/xsd/surefire-test-report.xsd" name="conduit.ConduitTest" time="10.379" tests="7" errors="0" skipped="0" failures="1">
  <properties>
[...]
</properties>
  <testcase name="testAll[1][1]" classname="conduit.ConduitTest" time="2.524"/>
  <testcase name="testAll[1][2]" classname="conduit.ConduitTest" time="3.14"/>
  <testcase name="testAll[2][1]" classname="conduit.ConduitTest" time="0.981"/>
  <testcase name="testAll[2][2]" classname="conduit.ConduitTest" time="1.451"/>
  <testcase name="testAll[3][1]" classname="conduit.ConduitTest" time="0.25">
    <failure message="SignUp.feature:22 - status code was: 422, expected: 200, response time: 484, url: https://conduit.productionready.io/api/users, response: {&quot;errors&quot;:{&quot;email&quot;:[&quot;has already been taken&quot;],&quot;username&quot;:[&quot;has already been taken&quot;]}}" type="org.opentest4j.AssertionFailedError">org.opentest4j.AssertionFailedError: SignUp.feature:22 - status code was: 422, expected: 200, response time: 484, url: https://conduit.productionready.io/api/users, response: {"errors":{"email":["has already been taken"],"username":["has already been taken"]}}
</failure>
    <system-out><![CDATA[01:32:01.981 [main] INFO  com.intuit.karate - karate.env system property was:  
01:32:02.006 [main] DEBUG com.intuit.karate - request:
1 > POST https://conduit.productionready.io/api/users
1 > Accept-Encoding: gzip,deflate
1 > Authorization: Token eyJ0eXAiOiJKV1QiLCJhbGciOiJIUzI1NiJ9.eyJpZCI6MTQzNTgxLCJ1c2VybmFtZSI6ImthcmF0ZXRlc3R1c2VyIiwiZXhwIjoxNjE5MTM3ODQ2fQ.cAg0cm05sRi34Em3CDYo1krA5zCaMCILG3aVMrPKY34
1 > Connection: Keep-Alive
1 > Content-Length: 91
1 > Content-Type: application/json; charset=UTF-8
1 > Host: conduit.productionready.io
1 > User-Agent: Apache-HttpClient/4.5.12 (Java/1.8.0_241)
{"user":{"email":"karateUserZXC@gmail.com","password":"qwert12345","username":"KarateZXC"}}

01:32:02.491 [main] DEBUG com.intuit.karate - response time in milliseconds: 484.28
1 < 422
1 < CF-Cache-Status: DYNAMIC
1 < CF-RAY: 625499d9e874edff-CDG
1 < Cache-Control: no-cache
1 < Connection: keep-alive
1 < Content-Type: application/json; charset=utf-8
1 < Date: Mon, 22 Feb 2021 00:30:52 GMT
1 < Expect-CT: max-age=604800, report-uri="https://report-uri.cloudflare.com/cdn-cgi/beacon/expect-ct"
1 < NEL: {"report_to":"cf-nel","max_age":604800}
1 < Report-To: {"max_age":604800,"group":"cf-nel","endpoints":[{"url":"https:\/\/a.nel.cloudflare.com\/report?s=JHwRe91TibXNFWG0walDajreak%2Fi08SY3xZHAPZJmBuG0BNTQ1VXqbhYJuZVV23z%2F%2F4eHxAKWuikfm0L3KqOT3J1Gx7v1eqdoaCqEoAPxrKCZrn9HYXf6ZNw6w%3D%3D"}]}
1 < Server: cloudflare
1 < Set-Cookie: __cfduid=d7bca5fad239a6b414c291fbb36fa494d1613953852; expires=Wed, 24-Mar-21 00:30:52 GMT; path=/; domain=.productionready.io; HttpOnly; SameSite=Lax
1 < Status: 422 Unprocessable Entity
1 < Transfer-Encoding: chunked
1 < Vary: Origin
1 < X-Content-Type-Options: nosniff
1 < X-Frame-Options: SAMEORIGIN
1 < X-Powered-By: Phusion Passenger 4.0.60
1 < X-Request-Id: 076815a1-8d75-4cc6-b676-35fe01d3cbe7
1 < X-Runtime: 0.085280
1 < X-XSS-Protection: 1; mode=block
1 < cf-request-id: 0868be7c350000edff81bf1000000001
{"errors":{"email":["has already been taken"],"username":["has already been taken"]}}

01:32:02.492 [main] ERROR com.intuit.karate - status code was: 422, expected: 200, response time: 484, url: https://conduit.productionready.io/api/users, response: {"errors":{"email":["has already been taken"],"username":["has already been taken"]}}
---------------------------------------------------------
feature: classpath:conduit/feature/SignUp.feature
scenarios:  1 | passed:  0 | failed:  1 | time: 0.5023
---------------------------------------------------------
]]></system-out>
  </testcase>
  <testcase name="testAll[4][1]" classname="conduit.ConduitTest" time="0.555"/>
  <testcase name="testAll[5][1]" classname="conduit.ConduitTest" time="0.523"/>
</testsuite>