<?xml version="1.0" encoding="UTF-8"?>
<testsuite xmlns:xsi="http://www.w3.org/2001/XMLSchema-instance" xsi:noNamespaceSchemaLocation="https://maven.apache.org/surefire/maven-surefire-plugin/xsd/surefire-test-report.xsd" name="conduit.ConduitTest" time="10.012" tests="6" errors="0" skipped="0" failures="0">
  <properties>
[...]
</properties>
  <testcase name="testAll[1][1]" classname="conduit.ConduitTest" time="2.98"/>
  <testcase name="testAll[1][2]" classname="conduit.ConduitTest" time="2.66"/>
  <testcase name="testAll[2][1]" classname="conduit.ConduitTest" time="1.186"/>
  <testcase name="testAll[2][2]" classname="conduit.ConduitTest" time="1.09"/>
  <testcase name="testAll[3][1]" classname="conduit.ConduitTest" time="0.27"/>
  <testcase name="testAll[4][1]" classname="conduit.ConduitTest" time="0.364"/>
</testsuite>